[08:33:34] 🚀 TW-Radar 背景排程器啟動
[08:33:34] ✅ 排程設定完成：
[08:33:34]    新聞 → 每30分鐘
[08:33:34]    持股監控 → 每10分鐘（盤中）
[08:33:34]    技術評分 → 每日 14:10
[08:33:34]    先知分析 → 每日 9:00 & 20:00
[08:33:34]    晨間提醒 → 每日 8:30
[08:33:34] 🔁 啟動初始化掃描...
[08:33:34] 📰 更新新聞...
[08:33:40]   取得 64 條，高影響力 47 條
[08:33:40] ⏳ 持續監控中（Ctrl+C 停止）...
[09:00:40] 🔮 執行先知分析...
[09:00:40]   先知分析失敗：no_key
[09:03:40] 📰 更新新聞...
[09:03:45]   取得 64 條，高影響力 48 條
[09:03:45] 📊 盤中監控持股...
[09:13:45] 📊 盤中監控持股...
[09:23:45] 📊 盤中監控持股...
[09:33:45] 📰 更新新聞...
[09:33:52]   取得 64 條，高影響力 46 條
[09:33:52] 📊 盤中監控持股...
[09:46:09] 📊 盤中監控持股...
[09:56:09] 📊 盤中監控持股...
[10:04:09] 📰 更新新聞...
[10:04:15]   取得 64 條，高影響力 47 條
[10:06:15] 📊 盤中監控持股...
[10:16:16] 📊 盤中監控持股...
[10:26:16] 📊 盤中監控持股...
[10:34:16] 📰 更新新聞...
[10:34:27]   取得 64 條，高影響力 49 條
[10:36:27] 📊 盤中監控持股...
[10:46:28] 📊 盤中監控持股...
[10:56:28] 📊 盤中監控持股...
[11:04:28] 📰 更新新聞...
[11:04:34]   取得 64 條，高影響力 47 條
[11:06:34] 📊 盤中監控持股...
[11:16:34] 📊 盤中監控持股...
[11:26:34] 📊 盤中監控持股...
[11:34:34] 📰 更新新聞...
[11:34:41]   取得 64 條，高影響力 44 條
[11:36:41] 📊 盤中監控持股...
[11:46:41] 📊 盤中監控持股...
[11:56:41] 📊 盤中監控持股...
[12:04:41] 📰 更新新聞...
[12:04:48]   取得 64 條，高影響力 47 條
[12:06:48] 📊 盤中監控持股...
[12:16:48] 📊 盤中監控持股...
[12:26:48] 📊 盤中監控持股...
[12:34:48] 📰 更新新聞...
[12:34:55]   取得 64 條，高影響力 48 條
[12:36:55] 📊 盤中監控持股...
[12:46:55] 📊 盤中監控持股...
[12:56:55] 📊 盤中監控持股...
[13:04:55] 📰 更新新聞...
[13:05:02]   取得 64 條，高影響力 51 條
[13:07:02] 📊 盤中監控持股...
[13:17:02] 📊 盤中監控持股...
[13:27:02] 📊 盤中監控持股...
[13:35:03] 📰 更新新聞...
[13:35:09]   取得 64 條，高影響力 50 條
[14:05:32] 📰 更新新聞...
[14:05:43]   取得 64 條，高影響力 49 條
[14:10:43] 📈 計算持股技術評分...
[14:35:43] 📰 更新新聞...
[14:35:50]   取得 64 條，高影響力 48 條
[15:05:50] 📰 更新新聞...
[15:05:59]   取得 64 條，高影響力 42 條
[15:35:59] 📰 更新新聞...
[15:36:08]   取得 64 條，高影響力 43 條
[16:35:33] 📰 更新新聞...
[16:35:42]   取得 64 條，高影響力 47 條
[17:05:42] 📰 更新新聞...
[17:05:48]   取得 64 條，高影響力 45 條
[17:38:19] 📰 更新新聞...
[17:38:19]   取得 0 條，高影響力 0 條
[19:02:38] 📰 更新新聞...
[19:02:53]   取得 64 條，高影響力 40 條
[19:32:53] 📰 更新新聞...
[19:32:59]   取得 64 條，高影響力 43 條
[20:00:59] 🔮 執行先知分析...
[20:00:59]   先知分析失敗：no_key
[20:02:59] 📰 更新新聞...
[20:03:13]   取得 64 條，高影響力 45 條
